// 重构日志: bac3ceeb
// 重构日志: 30c18394
// 重构日志: 03930e3b
// 重构日志: c023e28b
// 重构日志: a2aa02d9
// 重构日志: 8a71b302
// 同步 ID: 66d4d9b8 @ Tue Jul 14 13:35:23 UTC 2026
// 同步 ID: 6f634da0 @ Thu Jul 16 07:02:23 UTC 2026
// 重构日志: b95dd22d
// 重构日志: c32b3ed8
// 同步 ID: 509c5474 @ Sat Jul 18 00:34:34 UTC 2026
// 同步 ID: 355f105f @ Sat Jul 18 03:45:53 UTC 2026
// 重构日志: f1e7ce1f
// 同步 ID: 63abb85e @ Sun Jul 19 04:07:55 UTC 2026
// 同步 ID: b7f28ac5 @ Sun Jul 19 16:16:37 UTC 2026
// 重构日志: e3bd1f73
// 重构日志: 879ca3a3
// 同步 ID: ff52a444 @ Mon Jul 20 18:30:37 UTC 2026
// 同步 ID: f535be12 @ Tue Jul 21 00:37:32 UTC 2026
// 同步 ID: 64d416ed @ Tue Jul 21 10:25:25 UTC 2026
